2024-04-07 12:28:07,985 - root - ERROR - квартиры in 011f602f44fba21
NoneType: None
2024-04-07 12:28:07,988 - root - ERROR - наналичие интимок in 011f602f44fba21
NoneType: None
2024-04-07 12:28:07,992 - root - ERROR - группа in 011f602f44fba21
NoneType: None
2024-04-07 12:28:07,995 - root - ERROR - пиши в поиске in 011f602f44fba21
NoneType: None
2024-04-07 12:28:07,999 - root - ERROR - @phuket_vpiska in 011f602f44fba21
NoneType: None
2024-04-07 12:28:08,003 - root - ERROR - wtz80 in 011f602f44fba21
NoneType: None
2024-04-07 12:28:08,006 - root - ERROR - вписка in 011f602f44fba21
NoneType: None
2024-04-07 12:28:08,009 - root - ERROR - café del mar phuket in 011f602f44fba21
NoneType: None
2024-04-07 12:28:08,013 - root - ERROR - найди in 011f602f44fba21
NoneType: None
2024-04-07 12:28:08,016 - root - ERROR - интимки in 011f602f44fba21
NoneType: None
2024-04-07 12:28:08,019 - root - ERROR - подписчикам in 011f602f44fba21
NoneType: None
2024-04-07 12:28:08,022 - root - ERROR - знакомой in 011f602f44fba21
NoneType: None
2024-04-07 12:28:08,025 - root - ERROR - вечеринке in 011f602f44fba21
NoneType: None
2024-04-07 12:28:08,029 - root - ERROR - неиронку in 011f602f44fba21
NoneType: None
2024-04-07 12:28:08,032 - root - ERROR - welcome drink in 011f602f44fba21
NoneType: None
2024-04-07 12:28:08,035 - root - ERROR - wtz80 in 011f602f44fba21
NoneType: None
2024-04-07 12:28:08,038 - root - ERROR - привет ! in 011f602f44fba21
NoneType: None
2024-04-07 12:28:08,041 - root - ERROR - wtz in 011f602f44fba21
NoneType: None
2024-04-07 12:28:08,044 - root - ERROR - надоело in 011f602f44fba21
NoneType: None
2024-04-07 12:28:08,047 - root - ERROR - пробей знакомую на ) интимки © in 011f602f44fba21
NoneType: None
2024-04-07 12:28:08,050 - root - ERROR - проигрывать in 011f602f44fba21
NoneType: None
2024-04-07 12:28:08,053 - root - ERROR - чек in 011f602f44fba21
NoneType: None
2024-04-07 12:28:08,057 - root - ERROR - cлoты in 011f602f44fba21
NoneType: None
2024-04-07 12:28:08,060 - root - ERROR - активировать in 011f602f44fba21
NoneType: None
2024-04-07 12:28:08,063 - root - ERROR - группу in 011f602f44fba21
NoneType: None
2024-04-07 12:28:08,065 - root - ERROR - чек in 011f602f44fba21
NoneType: None
2024-04-07 12:28:08,069 - root - ERROR - хакнутая ссылка in 011f602f44fba21
NoneType: None
2024-04-07 12:28:08,072 - root - ERROR - подарок in 011f602f44fba21
NoneType: None
2024-04-07 12:28:08,075 - root - ERROR - найди интимки своей  знакомой через бота in 011f602f44fba21
NoneType: None
2024-04-07 12:28:08,078 - root - ERROR - бедрум in 011f602f44fba21
NoneType: None
2024-04-07 12:28:08,081 - root - ERROR - уои  bo mera | bca in 011f602f44fba21
NoneType: None
2024-04-07 12:28:08,084 - root - ERROR - добро пожаловать in 011f602f44fba21
NoneType: None
2024-04-07 12:28:08,088 - root - ERROR - hаучим in 011f602f44fba21
NoneType: None
2024-04-07 12:28:08,091 - root - ERROR - управлять in 011f602f44fba21
NoneType: None
2024-04-07 12:28:08,093 - root - ERROR - в мир in 011f602f44fba21
NoneType: None
2024-04-07 12:28:08,097 - root - ERROR - без опыта in 011f602f44fba21
NoneType: None
2024-04-07 12:28:08,100 - root - ERROR - d&v in 011f602f44fba21
NoneType: None
2024-04-07 12:28:08,103 - root - ERROR - водительского in 011f602f44fba21
NoneType: None
2024-04-07 12:28:08,106 - root - ERROR - motorbikes in 011f602f44fba21
NoneType: None
2024-04-07 12:28:08,109 - root - ERROR - удостоверения in 011f602f44fba21
NoneType: None
2024-04-07 12:28:08,112 - root - ERROR - world in 011f602f44fba21
NoneType: None
2024-04-07 12:28:08,115 - root - ERROR - незабываемые впечатления in 011f602f44fba21
NoneType: None
2024-04-07 12:28:08,118 - root - ERROR - ✔️ in 011f602f44fba21
NoneType: None
2024-04-07 12:28:08,121 - root - ERROR - предлагаем in 011f602f44fba21
NoneType: None
2024-04-07 12:28:08,124 - root - ERROR - команда in 011f602f44fba21
NoneType: None
2024-04-07 12:28:08,127 - root - ERROR - ✉️свяжитесь с нами in 011f602f44fba21
NoneType: None
2024-04-07 12:28:08,131 - root - ERROR - уже сегодня in 011f602f44fba21
NoneType: None
2024-04-07 12:28:08,135 - root - ERROR - @dv_motorbikesworld in 011f602f44fba21
NoneType: None
2024-04-07 12:28:08,138 - root - ERROR - @d_v_motorbikesworld in 011f602f44fba21
NoneType: None
2024-04-07 12:28:08,140 - root - ERROR - tiktok in 011f602f44fba21
NoneType: None
2024-04-07 12:28:08,143 - root - ERROR - instagram in 011f602f44fba21
NoneType: None
2024-04-07 12:28:08,147 - root - ERROR - baba loop in 011f602f44fba21
NoneType: None
2024-04-07 12:28:08,149 - root - ERROR - yona beach in 011f602f44fba21
NoneType: None
2024-04-07 12:28:08,152 - root - ERROR - fullmoon party in 011f602f44fba21
NoneType: None
2024-04-07 12:28:08,155 - root - ERROR - blanker & pillow in 011f602f44fba21
NoneType: None
2024-04-07 12:28:08,157 - root - ERROR - ✨добро пожаловать в мир d&v motorbikes world✨ in 011f602f44fba21
NoneType: None
2024-04-07 12:28:08,160 - root - ERROR - незабываемые in 011f602f44fba21
NoneType: None
2024-04-07 12:28:08,163 - root - ERROR - впечатления in 011f602f44fba21
NoneType: None
2024-04-07 12:28:08,166 - root - ERROR - команда экспертов in 011f602f44fba21
NoneType: None
2024-04-07 12:28:08,169 - root - ERROR - всегда готова in 011f602f44fba21
NoneType: None
2024-04-07 12:28:08,172 - root - ERROR - помочь in 011f602f44fba21
NoneType: None
2024-04-07 12:28:08,175 - root - ERROR - выбрать in 011f602f44fba21
NoneType: None
2024-04-07 12:28:08,178 - root - ERROR - идеальный вариант in 011f602f44fba21
NoneType: None
2024-04-07 12:28:08,182 - root - ERROR - который соответствует in 011f602f44fba21
NoneType: None
2024-04-07 12:28:08,184 - root - ERROR - вашим in 011f602f44fba21
NoneType: None
2024-04-07 12:28:08,187 - root - ERROR - потребностям in 011f602f44fba21
NoneType: None
2024-04-07 12:28:08,190 - root - ERROR - желаниям in 011f602f44fba21
NoneType: None
2024-04-07 12:28:08,193 - root - ERROR - выбирают нас in 011f602f44fba21
NoneType: None
2024-04-07 12:28:08,197 - root - ERROR - ✉️свяжитесь in 011f602f44fba21
NoneType: None
2024-04-07 12:28:08,200 - root - ERROR - с нами in 011f602f44fba21
NoneType: None
2024-04-07 12:28:08,203 - root - ERROR - уже сегодня in 011f602f44fba21
NoneType: None
2024-04-07 12:28:08,207 - root - ERROR - чтобы начать in 011f602f44fba21
NoneType: None
2024-04-07 12:28:08,210 - root - ERROR - свое незабываемое приключение in 011f602f44fba21
NoneType: None
2024-04-07 12:28:08,213 - root - ERROR - на пхукете in 011f602f44fba21
NoneType: None
2024-04-07 12:28:08,217 - root - ERROR - @dv_motorbike_world in 011f602f44fba21
NoneType: None
2024-04-07 12:28:08,220 - root - ERROR - @dv_motorbikesworld in 011f602f44fba21
NoneType: None
2024-04-07 12:28:08,224 - root - ERROR - @d_v_motorbikesworld in 011f602f44fba21
NoneType: None
2024-04-07 12:28:08,227 - root - ERROR - прuвeт in 011f602f44fba21
NoneType: None
2024-04-07 12:28:08,231 - root - ERROR - 1 чeлoвeк in 011f602f44fba21
NoneType: None
2024-04-07 12:28:08,234 - root - ERROR - прuятный in 011f602f44fba21
NoneType: None
2024-04-07 12:28:08,237 - root - ERROR - yдaлённый зapaбoтoк in 011f602f44fba21
NoneType: None
2024-04-07 12:28:08,240 - root - ERROR - пoдрoбнocтu in 011f602f44fba21
NoneType: None
2024-04-07 12:28:08,244 - root - ERROR - лuчкy in 011f602f44fba21
NoneType: None
2024-04-07 12:28:08,247 - root - ERROR - группa in 011f602f44fba21
NoneType: None
2024-04-07 12:28:08,250 - root - ERROR - пхукet in 011f602f44fba21
NoneType: None
2024-04-07 12:28:08,253 - root - ERROR - @phuket_vpiska in 011f602f44fba21
NoneType: None
2024-04-07 12:28:08,256 - root - ERROR - kто xочет in 011f602f44fba21
NoneType: None
2024-04-07 12:28:08,260 - root - ERROR - пригласить in 011f602f44fba21
NoneType: None
2024-04-07 12:28:08,263 - root - ERROR - приехать в гости in 011f602f44fba21
NoneType: None
2024-04-07 12:28:08,265 - root - ERROR - bfee17a816a62c1 in 011f602f44fba21
NoneType: None
2024-04-07 12:28:08,268 - root - ERROR - d&v motorbikes world in 011f602f44fba21
NoneType: None
2024-04-07 12:28:08,272 - root - ERROR - адресу in 011f602f44fba21
NoneType: None
2024-04-07 12:28:08,275 - root - ERROR - команда in 011f602f44fba21
NoneType: None
2024-04-07 12:28:08,279 - root - ERROR - экспертов in 011f602f44fba21
NoneType: None
2024-04-07 12:28:08,282 - root - ERROR - помочь in 011f602f44fba21
NoneType: None
2024-04-07 12:28:08,285 - root - ERROR - транспортное средство in 011f602f44fba21
NoneType: None
2024-04-07 12:28:08,288 - root - ERROR - уже сегодня in 011f602f44fba21
NoneType: None
2024-04-07 12:28:08,291 - root - ERROR - незабываемое in 011f602f44fba21
NoneType: None
2024-04-07 12:28:08,294 - root - ERROR - приключение in 011f602f44fba21
NoneType: None
2024-04-07 12:28:08,298 - root - ERROR - @dv_motorbike_world in 011f602f44fba21
NoneType: None
2024-04-07 12:28:08,300 - root - ERROR - наша группа in 011f602f44fba21
NoneType: None
2024-04-07 12:28:08,304 - root - ERROR - наш канал in 011f602f44fba21
NoneType: None
2024-04-07 12:28:08,307 - root - ERROR - tiktok in 011f602f44fba21
NoneType: None
2024-04-07 12:28:08,310 - root - ERROR - instagram in 011f602f44fba21
NoneType: None
2024-04-07 12:28:08,313 - root - ERROR - полеты in 011f602f44fba21
NoneType: None
2024-04-07 12:28:08,316 - root - ERROR - promthep cape in 011f602f44fba21
NoneType: None
2024-04-07 12:28:08,319 - root - ERROR - скалы in 011f602f44fba21
NoneType: None
2024-04-07 12:28:08,322 - root - ERROR - летаем in 011f602f44fba21
NoneType: None
2024-04-07 12:28:08,325 - root - ERROR - над морем in 011f602f44fba21
NoneType: None
2024-04-07 12:28:08,328 - root - ERROR - над смотровой площадкой in 011f602f44fba21
NoneType: None
2024-04-07 12:28:08,331 - root - ERROR - высоты in 011f602f44fba21
NoneType: None
2024-04-07 12:28:08,334 - root - ERROR - птичьего in 011f602f44fba21
NoneType: None
2024-04-07 12:28:08,338 - root - ERROR - полёта in 011f602f44fba21
NoneType: None
2024-04-07 12:28:08,342 - root - ERROR - пилоты in 011f602f44fba21
NoneType: None
2024-04-07 12:28:08,344 - root - ERROR - gopro 4k 60 fps in 011f602f44fba21
NoneType: None
2024-04-07 12:28:08,347 - root - ERROR - огонёчки in 011f602f44fba21
NoneType: None
2024-04-07 12:28:08,350 - root - ERROR - мужчин in 011f602f44fba21
NoneType: None
2024-04-07 12:28:08,353 - root - ERROR - ограничения по весу in 011f602f44fba21
NoneType: None
2024-04-07 12:28:08,356 - root - ERROR - вес in 011f602f44fba21
NoneType: None
2024-04-07 12:28:08,359 - root - ERROR - подписаться in 011f602f44fba21
NoneType: None
2024-04-07 12:28:08,362 - root - ERROR - coциальная ceть in 011f602f44fba21
NoneType: None
2024-04-07 12:28:08,365 - root - ERROR - хочет in 011f602f44fba21
NoneType: None
2024-04-07 12:28:08,368 - root - ERROR - приехать in 011f602f44fba21
NoneType: None
2024-04-07 12:28:08,371 - root - ERROR - гости in 011f602f44fba21
NoneType: None
2024-04-07 12:28:08,374 - root - ERROR - собеседника in 011f602f44fba21
NoneType: None
2024-04-07 12:28:08,377 - root - ERROR - половинку in 011f602f44fba21
NoneType: None
2024-04-07 12:28:08,380 - root - ERROR - приглашайте in 011f602f44fba21
NoneType: None
2024-04-07 12:28:08,383 - root - ERROR - заведения in 011f602f44fba21
NoneType: None
2024-04-07 12:28:08,386 - root - ERROR - мероприятия in 011f602f44fba21
NoneType: None
2024-04-07 12:28:08,389 - root - ERROR - домой in 011f602f44fba21
NoneType: None
2024-04-07 12:28:08,392 - root - ERROR - организуйте in 011f602f44fba21
NoneType: None
2024-04-07 12:28:08,395 - root - ERROR - вечеринка in 011f602f44fba21
NoneType: None
2024-04-07 12:28:08,397 - root - ERROR - сервис "хочу рассылку"  поможет быстро сдать  недвижимость или транспорт. продать товар.  донести информация о продукте или услуги.  разошлем ваше объявление по всем чатам пхукета и не  tojibko.  круглосуточно ваше объявление будет  опубликовзно во всех чатах. in 011f602f44fba21
NoneType: None
2024-04-07 12:28:08,400 - root - ERROR - xoчу in 011f602f44fba21
NoneType: None
2024-04-07 12:28:08,403 - root - ERROR - сервис in 011f602f44fba21
NoneType: None
2024-04-07 12:28:08,406 - root - ERROR - "хочу рассылку" in 011f602f44fba21
NoneType: None
2024-04-07 12:28:08,409 - root - ERROR - поможет in 011f602f44fba21
NoneType: None
2024-04-07 12:28:08,412 - root - ERROR - быстро in 011f602f44fba21
NoneType: None
2024-04-07 12:28:08,415 - root - ERROR - недвижимость in 011f602f44fba21
NoneType: None
2024-04-07 12:28:08,418 - root - ERROR - или транспорт in 011f602f44fba21
NoneType: None
2024-04-07 12:28:08,421 - root - ERROR - продать in 011f602f44fba21
NoneType: None
2024-04-07 12:28:08,424 - root - ERROR - товар in 011f602f44fba21
NoneType: None
2024-04-07 12:28:08,427 - root - ERROR - донести in 011f602f44fba21
NoneType: None
2024-04-07 12:28:08,430 - root - ERROR - продукте in 011f602f44fba21
NoneType: None
2024-04-07 12:28:08,433 - root - ERROR - услуги in 011f602f44fba21
NoneType: None
2024-04-07 12:28:08,436 - root - ERROR - разошлем in 011f602f44fba21
NoneType: None
2024-04-07 12:28:08,439 - root - ERROR - чатам in 011f602f44fba21
NoneType: None
2024-04-07 12:28:08,442 - root - ERROR - tojibkoк in 011f602f44fba21
NoneType: None
2024-04-07 12:28:08,445 - root - ERROR - опубликовзно in 011f602f44fba21
NoneType: None
2024-04-07 12:28:08,448 - root - ERROR - чатах. in 011f602f44fba21
NoneType: None
2024-04-07 12:28:08,451 - root - ERROR - xoчу in 011f602f44fba21
NoneType: None
2024-04-07 12:28:08,454 - root - ERROR - 🖕 in 011f602f44fba21
NoneType: None
2024-04-07 12:28:08,458 - root - ERROR - 💊 in 011f602f44fba21
NoneType: None
2024-04-07 12:28:08,461 - root - ERROR - 🥥 in 011f602f44fba21
NoneType: None
2024-04-07 12:28:08,464 - root - ERROR - 🫦kinky in 011f602f44fba21
NoneType: None
2024-04-07 12:28:08,467 - root - ERROR - 💋 in 011f602f44fba21
NoneType: None
2024-04-07 12:28:08,470 - root - ERROR - 💕 in 011f602f44fba21
NoneType: None
2024-04-07 12:28:08,473 - root - ERROR - 🔰 in 011f602f44fba21
NoneType: None
2024-04-07 12:28:08,476 - root - ERROR - 📊 in 011f602f44fba21
NoneType: None
2024-04-07 12:28:08,479 - root - ERROR - настроения!🍄🥥🌿🐈 in 011f602f44fba21
NoneType: None
2024-04-07 12:28:08,483 - root - ERROR - 👍множество вкусов и моделей👍 in 011f602f44fba21
NoneType: None
2024-04-07 12:28:08,486 - root - ERROR - 🪂 in 011f602f44fba21
NoneType: None
2024-04-07 12:28:08,489 - root - ERROR - 🔤 in 011f602f44fba21
NoneType: None
2024-04-07 12:28:08,493 - root - ERROR - 🔠 in 011f602f44fba21
NoneType: None
2024-04-07 12:28:08,496 - root - ERROR - 🅰️ in 011f602f44fba21
NoneType: None
2024-04-07 12:28:08,499 - root - ERROR - 🌈🔠 in 011f602f44fba21
NoneType: None
2024-04-07 12:28:08,502 - root - ERROR - 🔤 in 011f602f44fba21
NoneType: None
2024-04-07 12:28:08,506 - root - ERROR - скидки in 011f602f44fba21
NoneType: None
2024-04-07 12:28:08,509 - root - ERROR - акции in 011f602f44fba21
NoneType: None
2024-04-07 12:28:08,512 - root - ERROR - лояльные in 011f602f44fba21
NoneType: None
2024-04-07 12:28:08,516 - root - ERROR - условия in 011f602f44fba21
NoneType: None
2024-04-07 12:28:08,519 - root - ERROR - клиентов🔤 in 011f602f44fba21
NoneType: None
2024-04-07 12:28:08,523 - root - ERROR - приветики in 011f602f44fba21
NoneType: None
2024-04-07 12:28:08,526 - root - ERROR - мальчишки in 011f602f44fba21
NoneType: None
2024-04-07 12:28:08,528 - root - ERROR - девчёнки in 011f602f44fba21
NoneType: None
2024-04-07 12:28:08,531 - root - ERROR - легальная in 011f602f44fba21
NoneType: None
2024-04-07 12:28:08,534 - root - ERROR - деятельность in 011f602f44fba21
NoneType: None
2024-04-07 12:28:08,537 - root - ERROR - кому интересно in 011f602f44fba21
NoneType: None
2024-04-07 12:28:08,541 - root - ERROR - пишите in 011f602f44fba21
NoneType: None
2024-04-07 12:28:08,544 - root - ERROR - 🔠🔠🔠🅰️🔠 🔤🔤🔤 

🌈🔠🔠🔠🔠🔠🌈


🔤🔤🔤🔤🔤🔤🔤🔤👍 

🔤🔤🔤🔤🔤🔤🔤😯
🔤🔤🔤🔤🔤🔤🔤🔤😯


🔤🔤🔤🔤🔤🔤🔤⚡ 

скидки in 011f602f44fba21
NoneType: None
2024-04-07 12:28:08,546 - root - ERROR - акции in 011f602f44fba21
NoneType: None
2024-04-07 12:28:08,549 - root - ERROR - лояльные условия для клиентов! 


🔤🔤🔤🔤🔤🔤 🔤🔤🔤🔤🔤🔤🔤🔤 

🔠🔠🔠 in 011f602f44fba21
NoneType: None
2024-04-07 12:28:08,553 - root - ERROR - 🛞 in 011f602f44fba21
NoneType: None
2024-04-07 12:28:08,555 - root - ERROR - ищете in 011f602f44fba21
NoneType: None
2024-04-07 12:28:08,558 - root - ERROR - незабываемые in 011f602f44fba21
NoneType: None
2024-04-07 12:28:08,561 - root - ERROR - впечатления in 011f602f44fba21
NoneType: None
2024-04-07 12:28:08,564 - root - ERROR - попали по адресу in 011f602f44fba21
NoneType: None
2024-04-07 12:28:08,567 - root - ERROR - мы предлагаем широкий выбор мотоциклов и скутеров для продажи и аренды in 011f602f44fba21
NoneType: None
2024-04-07 12:28:08,571 - root - ERROR - ✔️ in 011f602f44fba21
NoneType: None
2024-04-07 12:28:08,574 - root - ERROR - экспертов in 011f602f44fba21
NoneType: None
2024-04-07 12:28:08,577 - root - ERROR - помочь in 011f602f44fba21
NoneType: None
2024-04-07 12:28:08,581 - root - ERROR - вариант in 011f602f44fba21
NoneType: None
2024-04-07 12:28:08,584 - root - ERROR - 👍почему выбирают нас⚡️ in 011f602f44fba21
NoneType: None
2024-04-07 12:28:08,587 - root - ERROR - 📌 все наши мотоциклы проходят тщательную проверку на техническую исправность. in 011f602f44fba21
NoneType: None
2024-04-07 12:28:08,590 - root - ERROR - 📌 у вас есть возможность протестировать мотоцикл перед покупкой или арендой. in 011f602f44fba21
NoneType: None
2024-04-07 12:28:08,593 - root - ERROR - 📌 мы гарантируем юридическую чистоту всех документов на транспортное средство. in 011f602f44fba21
NoneType: None
2024-04-07 12:28:08,597 - root - ERROR - 📌 мы предоставляем помощь с переоформлением in 011f602f44fba21
NoneType: None
2024-04-07 12:28:08,600 - root - ERROR - техосмотром и страхованием. in 011f602f44fba21
NoneType: None
2024-04-07 12:28:08,603 - root - ERROR - 🟢 сейчас доступны для аренды🟢 in 011f602f44fba21
NoneType: None
2024-04-07 12:28:08,606 - root - ERROR - ❤️‍🔥kawasaki ninja zx10r 2020 in 011f602f44fba21
NoneType: None
2024-04-07 12:28:08,610 - root - ERROR - ❤️‍🔥 kawasaki ninja zx6r 2020 in 011f602f44fba21
NoneType: None
2024-04-07 12:28:08,613 - root - ERROR - ❤️‍🔥 kawasaki ninja 400 abs 2019 in 011f602f44fba21
NoneType: None
2024-04-07 12:28:08,617 - root - ERROR - ❤️‍🔥 honda cbr500r 2020 in 011f602f44fba21
NoneType: None
2024-04-07 12:28:08,621 - root - ERROR - ❤️‍🔥 honda cb650f 2018 in 011f602f44fba21
NoneType: None
2024-04-07 12:28:08,626 - root - ERROR - ❤️‍🔥 honda lead 2022 in 011f602f44fba21
NoneType: None
2024-04-07 12:28:08,631 - root - ERROR - ❤️‍🔥 yamaha aerox 2021 in 011f602f44fba21
NoneType: None
2024-04-07 12:28:08,636 - root - ERROR - ❤️‍🔥 yamaha nmax 2020 in 011f602f44fba21
NoneType: None
2024-04-07 12:28:08,641 - root - ERROR - ✉️свяжитесь с нами уже сегодня📹 in 011f602f44fba21
NoneType: None
2024-04-07 12:28:08,646 - root - ERROR - 📹наша группа: in 011f602f44fba21
NoneType: None
2024-04-07 12:28:08,650 - root - ERROR - @dv_motorbikesworld in 011f602f44fba21
NoneType: None
2024-04-07 12:28:08,655 - root - ERROR - 📹наш канал: in 011f602f44fba21
NoneType: None
2024-04-07 12:28:08,660 - root - ERROR - @d_v_motorbikesworld in 011f602f44fba21
NoneType: None
2024-04-07 12:28:08,665 - root - ERROR - 📹tiktok in 011f602f44fba21
NoneType: None
2024-04-07 12:28:08,670 - root - ERROR - 📹instagram in 011f602f44fba21
NoneType: None
2024-04-07 12:28:08,675 - root - ERROR - ❤️‍🔥 in 011f602f44fba21
NoneType: None
2024-04-07 12:28:08,680 - root - ERROR - 📹 in 011f602f44fba21
NoneType: None
2024-04-07 12:28:08,684 - root - ERROR - . lazada  200 b 3a ot3bib in 011f602f44fba21
NoneType: None
2024-04-07 12:28:08,687 - root - ERROR - fbf50ef16003c78 in 011f602f44fba21
NoneType: None
2024-04-07 12:28:08,691 - root - ERROR - otзыв in 011f602f44fba21
NoneType: None
2024-04-07 12:28:08,694 - root - ERROR - lazadа in 011f602f44fba21
NoneType: None
2024-04-07 12:28:08,697 - root - ERROR - аккаунт in 011f602f44fba21
NoneType: None
2024-04-07 12:28:08,700 - root - ERROR - lazadа in 011f602f44fba21
NoneType: None
2024-04-07 12:28:08,704 - root - ERROR - 3aработай in 011f602f44fba21
NoneType: None
2024-04-07 12:28:08,707 - root - ERROR - публикации in 011f602f44fba21
NoneType: None
2024-04-07 12:28:08,710 - root - ERROR - отзыва in 011f602f44fba21
NoneType: None
2024-04-07 12:28:08,713 - root - ERROR - товаре in 011f602f44fba21
NoneType: None
2024-04-07 12:28:08,716 - root - ERROR - @d0nvit in 011f602f44fba21
NoneType: None
2024-04-07 12:28:08,720 - root - ERROR - выложил in 011f602f44fba21
NoneType: None
2024-04-07 12:28:08,723 - root - ERROR - lazada in 011f602f44fba21
NoneType: None
2024-04-07 12:28:08,726 - root - ERROR - shopee in 011f602f44fba21
NoneType: None
2024-04-07 12:28:08,729 - root - ERROR - line in 011f602f44fba21
NoneType: None
2024-04-07 12:28:08,732 - root - ERROR - инструменты in 011f602f44fba21
NoneType: None
2024-04-07 12:28:08,735 - root - ERROR - продвижения in 011f602f44fba21
NoneType: None
2024-04-07 12:28:08,739 - root - ERROR - лендинг in 011f602f44fba21
NoneType: None
2024-04-07 12:28:08,742 - root - ERROR - трафик in 011f602f44fba21
NoneType: None
2024-04-07 12:28:08,745 - root - ERROR - лазаде in 011f602f44fba21
NoneType: None
2024-04-07 12:28:08,748 - root - ERROR - товарном in 011f602f44fba21
NoneType: None
2024-04-07 12:28:08,752 - root - ERROR - рынке in 011f602f44fba21
NoneType: None
2024-04-07 12:28:08,755 - root - ERROR - бренда in 011f602f44fba21
NoneType: None
2024-04-07 12:28:08,758 - root - ERROR - оборот in 011f602f44fba21
NoneType: None
2024-04-07 12:28:08,761 - root - ERROR - продажам in 011f602f44fba21
NoneType: None
2024-04-07 12:28:08,764 - root - ERROR - рынок in 011f602f44fba21
NoneType: None
2024-04-07 12:28:08,768 - root - ERROR - работа in 011f602f44fba21
NoneType: None
2024-04-07 12:28:08,772 - root - ERROR - поставщика in 011f602f44fba21
NoneType: None
2024-04-07 12:28:08,775 - root - ERROR - переговоры in 011f602f44fba21
NoneType: None
2024-04-07 12:28:08,778 - root - ERROR - фулфилмент in 011f602f44fba21
NoneType: None
2024-04-07 12:28:08,781 - root - ERROR - склад in 011f602f44fba21
NoneType: None
2024-04-07 12:28:08,784 - root - ERROR - маркетинг in 011f602f44fba21
NoneType: None
2024-04-07 12:28:08,787 - root - ERROR - продвижение in 011f602f44fba21
NoneType: None
2024-04-07 12:28:08,790 - root - ERROR - сообщества in 011f602f44fba21
NoneType: None
2024-04-07 12:28:08,793 - root - ERROR - партнерства in 011f602f44fba21
NoneType: None
2024-04-07 12:28:08,796 - root - ERROR - магазинов in 011f602f44fba21
NoneType: None
2024-04-07 12:28:08,798 - root - ERROR - цели in 011f602f44fba21
NoneType: None
2024-04-07 12:28:08,801 - root - ERROR - заинтересовало in 011f602f44fba21
NoneType: None
2024-04-07 12:28:08,804 - root - ERROR - товаркой in 011f602f44fba21
NoneType: None
2024-04-07 12:28:08,807 - root - ERROR - товаров in 011f602f44fba21
NoneType: None
2024-04-07 12:28:08,810 - root - ERROR - брендом in 011f602f44fba21
NoneType: None
2024-04-07 12:28:08,813 - root - ERROR - тестирую in 011f602f44fba21
NoneType: None
2024-04-07 12:28:08,816 - root - ERROR - товары in 011f602f44fba21
NoneType: None
2024-04-07 12:28:08,819 - root - ERROR - маркетинг in 011f602f44fba21
NoneType: None
2024-04-07 12:28:08,822 - root - ERROR - маркетплейсы in 011f602f44fba21
NoneType: None
2024-04-07 12:28:08,825 - root - ERROR - инст in 011f602f44fba21
NoneType: None
2024-04-07 12:28:08,828 - root - ERROR - лендинги in 011f602f44fba21
NoneType: None
2024-04-07 12:28:08,831 - root - ERROR - shopee in 011f602f44fba21
NoneType: None
2024-04-07 12:28:08,834 - root - ERROR - line in 011f602f44fba21
NoneType: None
2024-04-07 12:28:08,837 - root - ERROR - продавать in 011f602f44fba21
NoneType: None
2024-04-07 12:28:08,840 - root - ERROR - переговоры in 011f602f44fba21
NoneType: None
2024-04-07 12:28:08,843 - root - ERROR - оплата in 011f602f44fba21
NoneType: None
2024-04-07 12:28:08,846 - root - ERROR - продавцов in 011f602f44fba21
NoneType: None
2024-04-07 12:28:08,850 - root - ERROR - формат in 011f602f44fba21
NoneType: None
2024-04-07 12:28:08,853 - root - ERROR - продажа in 011f602f44fba21
NoneType: None
2024-04-07 12:28:08,856 - root - ERROR - https://t.me/d0nvit in 011f602f44fba21
NoneType: None
2024-04-07 12:28:08,859 - root - ERROR - пляж in 011f602f44fba21
NoneType: None
2024-04-07 12:28:08,862 - root - ERROR - спальня in 011f602f44fba21
NoneType: None
2024-04-07 12:28:08,865 - root - ERROR - годовой контракт in 011f602f44fba21
NoneType: None
2024-04-07 12:28:08,868 - root - ERROR - гольф in 011f602f44fba21
NoneType: None
2024-04-07 12:28:08,871 - root - ERROR - квартиры in 011f602f44fba21
NoneType: None
2024-04-07 12:28:08,875 - root - ERROR - возле моря in 011f602f44fba21
NoneType: None
2024-04-07 12:28:08,878 - root - ERROR - квартира in 011f602f44fba21
NoneType: None
2024-04-07 12:28:08,881 - root - ERROR - этаж in 011f602f44fba21
NoneType: None
2024-04-07 12:28:08,885 - root - ERROR - вид на море in 011f602f44fba21
NoneType: None
2024-04-07 12:28:08,888 - root - ERROR - 053c1d6fdf70eaa in 011f602f44fba21
NoneType: None
2024-04-07 12:28:08,891 - root - ERROR - квартиру in 011f602f44fba21
NoneType: None
2024-04-07 12:28:08,894 - root - ERROR - relife in 011f602f44fba21
NoneType: None
2024-04-07 12:28:08,897 - root - ERROR - titlev in 011f602f44fba21
NoneType: None
2024-04-07 12:28:08,900 - root - ERROR - nbc in 011f602f44fba21
NoneType: None
2024-04-07 12:28:08,903 - root - ERROR - rbc in 011f602f44fba21
NoneType: None
2024-04-07 12:28:08,907 - root - ERROR - управляющей компании in 011f602f44fba21
NoneType: None
2024-04-07 12:28:08,910 - root - ERROR - прописка in 011f602f44fba21
NoneType: None
2024-04-07 12:28:08,913 - root - ERROR - wifi in 011f602f44fba21
NoneType: None
2024-04-07 12:28:08,917 - root - ERROR - вилл in 011f602f44fba21
NoneType: None
2024-04-07 12:28:08,920 - root - ERROR - виллу in 011f602f44fba21
NoneType: None
2024-04-07 12:28:08,923 - root - ERROR - участок in 011f602f44fba21
NoneType: None
2024-04-07 12:28:08,926 - root - ERROR - спальни in 011f602f44fba21
NoneType: None
2024-04-07 12:28:08,930 - root - ERROR - @evgeniia_phuket in 011f602f44fba21
NoneType: None
2024-04-07 12:28:08,933 - root - ERROR - уои  bo mera | bca in 011f602f44fba21
NoneType: None
2024-04-07 12:28:08,937 - root - ERROR - пробей знакомую на in 011f602f44fba21
NoneType: None
2024-04-07 12:28:08,940 - root - ERROR - ) проверь любую девушку на интимки  пиши в поиске тг англ. буквами название ‘*\ ‹  ` в\/х4о in 011f602f44fba21
NoneType: None
2024-04-07 12:28:08,944 - root - ERROR - найди интимки знакомой ‚) через gpt сеть) in 011f602f44fba21
NoneType: None
2024-04-07 12:28:08,947 - root - ERROR - комaндy in 011f602f44fba21
NoneType: None
2024-04-07 12:28:08,951 - root - ERROR - дохода in 011f602f44fba21
NoneType: None
2024-04-07 12:28:08,954 - root - ERROR - партнерство in 011f602f44fba21
NoneType: None
2024-04-07 12:28:08,958 - root - ERROR - удаленно in 011f602f44fba21
NoneType: None
2024-04-07 12:28:08,962 - root - ERROR - деловое in 011f602f44fba21
NoneType: None
2024-04-07 12:28:08,965 - root - ERROR - предложение in 011f602f44fba21
NoneType: None
2024-04-07 12:28:08,969 - root - ERROR - крипта in 011f602f44fba21
NoneType: None
2024-04-07 12:28:08,972 - root - ERROR - свободные руки in 011f602f44fba21
NoneType: None
2024-04-07 12:28:08,975 - root - ERROR - команду in 011f602f44fba21
NoneType: None
2024-04-07 12:28:08,979 - root - ERROR - обучим in 011f602f44fba21
NoneType: None
2024-04-07 12:28:08,982 - root - ERROR - бесплатно in 011f602f44fba21
NoneType: None
2024-04-07 12:28:08,986 - root - ERROR - уои  bo mera | bca in 011f602f44fba21
NoneType: None
2024-04-07 12:28:08,989 - root - ERROR - проверь любую девушку | на интимки ©5 in 011f602f44fba21
NoneType: None
2024-04-07 12:28:08,992 - root - ERROR - пробеи знакомую на in 011f602f44fba21
NoneType: None
2024-04-07 12:28:08,996 - root - ERROR - пробей любую девушку на  ниличе интимок через бота © me =  иши в поиске тг   \т760 in 011f602f44fba21
NoneType: None
2024-04-07 12:28:09,000 - root - ERROR - слитые интимки девушек только в нашем боте in 011f602f44fba21
NoneType: None
2024-04-07 12:28:09,003 - root - ERROR - захрди_ :  пиши в поиске тг | in 011f602f44fba21
NoneType: None
2024-04-07 12:28:09,006 - root - ERROR - хф найди интим |. фото любой @  девушки или in 011f602f44fba21
NoneType: None
2024-04-07 12:28:09,010 - root - ERROR - в поиске  ° телег рама: svt700 in 011f602f44fba21
NoneType: None
2024-04-07 12:28:09,013 - root - ERROR - ef25f7a92afee2e in 011f602f44fba21
NoneType: None
2024-04-07 12:28:09,016 - root - ERROR - поиск - thaiweeed  coca/weed/mdma  большой ассортимент товаров in 011f602f44fba21
NoneType: None
2024-04-07 12:28:09,020 - root - ERROR - підробіток in 011f602f44fba21
NoneType: None
2024-04-07 12:28:09,024 - root - ERROR - марафоне in 011f602f44fba21
NoneType: None
2024-04-07 12:28:09,027 - root - ERROR - марафону in 011f602f44fba21
NoneType: None
2024-04-07 12:28:09,030 - root - ERROR - bписка пхyкет

phuket_vpiska in 011f602f44fba21
NoneType: None
2024-04-07 12:28:09,034 - root - ERROR - пробеи знакомую на интимки @© in 011f602f44fba21
NoneType: None
2024-04-07 12:28:09,039 - root - ERROR - проверь любую девушку на интимки © ©  пиши в поиске тг in 011f602f44fba21
NoneType: None
2024-04-07 12:28:09,043 - root - ERROR - пробей знакомую на наличие интимок © in 011f602f44fba21
NoneType: None
2024-04-07 12:28:09,048 - root - ERROR - проверь знакомую на наличие интимок © in 011f602f44fba21
NoneType: None
2024-04-07 12:28:09,053 - root - ERROR - bot in 011f602f44fba21
NoneType: None
2024-04-07 12:28:09,057 - root - ERROR - бот in 011f602f44fba21
NoneType: None
2024-04-07 12:28:09,061 - root - ERROR - пробей знакомую на наличие интимок))  пиши в поиске тг название  wtz80 in 011f602f44fba21
NoneType: None
2024-04-07 12:28:09,065 - root - ERROR - найди интимки знакомой через эту брт неиронку @ in 011f602f44fba21
NoneType: None
2024-04-07 12:28:09,068 - root - ERROR - wtz80 in 011f602f44fba21
NoneType: None
2024-04-07 12:28:09,072 - root - ERROR - wtz in 011f602f44fba21
NoneType: None
2024-04-07 12:28:09,076 - root - ERROR - пробей знакомую на ) интимки © in 011f602f44fba21
NoneType: None
2024-04-07 12:28:09,079 - root - ERROR - d&v motorbikes world in 011f602f44fba21
NoneType: None
2024-04-07 12:28:09,083 - root - ERROR - команда in 011f602f44fba21
NoneType: None
2024-04-07 12:28:09,086 - root - ERROR - экспертов in 011f602f44fba21
NoneType: None
2024-04-07 12:28:09,089 - root - ERROR - помочь in 011f602f44fba21
NoneType: None
2024-04-07 12:28:09,093 - root - ERROR - приключение in 011f602f44fba21
NoneType: None
2024-04-07 12:28:09,096 - root - ERROR - @dv_motorbike_world in 011f602f44fba21
NoneType: None
2024-04-07 12:28:09,100 - root - ERROR - @dv_motorbikesworld in 011f602f44fba21
NoneType: None
2024-04-07 12:28:09,103 - root - ERROR - @d_v_motorbikesworld in 011f602f44fba21
NoneType: None
2024-04-07 12:28:09,107 - root - ERROR - tiktok in 011f602f44fba21
NoneType: None
2024-04-07 12:28:09,110 - root - ERROR - instagram in 011f602f44fba21
NoneType: None
2024-04-07 12:28:09,113 - root - ERROR - phuket_vpiska in 011f602f44fba21
NoneType: None
2024-04-07 12:28:09,116 - root - ERROR - ищете in 011f602f44fba21
NoneType: None
2024-04-07 12:28:09,119 - root - ERROR - незабываемые in 011f602f44fba21
NoneType: None
2024-04-07 12:28:09,123 - root - ERROR - впечатления in 011f602f44fba21
NoneType: None
2024-04-07 12:28:09,126 - root - ERROR - предлагаем in 011f602f44fba21
NoneType: None
2024-04-07 12:28:09,130 - root - ERROR - экспертов in 011f602f44fba21
NoneType: None
2024-04-07 12:28:09,134 - root - ERROR - помочь in 011f602f44fba21
NoneType: None
2024-04-07 12:28:09,137 - root - ERROR - вариант in 011f602f44fba21
NoneType: None
2024-04-07 12:28:09,141 - root - ERROR - почему in 011f602f44fba21
NoneType: None
2024-04-07 12:28:09,144 - root - ERROR - выбирают in 011f602f44fba21
NoneType: None
2024-04-07 12:28:09,147 - root - ERROR - средство in 011f602f44fba21
NoneType: None
2024-04-07 12:28:09,151 - root - ERROR - предоставляем in 011f602f44fba21
NoneType: None
2024-04-07 12:28:09,154 - root - ERROR - помощь in 011f602f44fba21
NoneType: None
2024-04-07 12:28:09,157 - root - ERROR - переоформлением in 011f602f44fba21
NoneType: None
2024-04-07 12:28:09,162 - root - ERROR - ✉️свяжитесь in 011f602f44fba21
NoneType: None
2024-04-07 12:28:09,165 - root - ERROR - 📹наша группа: in 011f602f44fba21
NoneType: None
2024-04-07 12:28:09,168 - root - ERROR - @dv_motorbikesworld in 011f602f44fba21
NoneType: None
2024-04-07 12:28:09,171 - root - ERROR - 📹наш канал: in 011f602f44fba21
NoneType: None
2024-04-07 12:28:09,175 - root - ERROR - @d_v_motorbikesworld in 011f602f44fba21
NoneType: None
2024-04-07 12:28:09,179 - root - ERROR - 📹tiktok in 011f602f44fba21
NoneType: None
2024-04-07 12:28:09,182 - root - ERROR - 📹instagram in 011f602f44fba21
NoneType: None
2024-04-07 12:28:09,186 - root - ERROR - d&v_motorbikes_world in 011f602f44fba21
NoneType: None
2024-04-07 12:28:09,189 - root - ERROR - @d0nvit in 011f602f44fba21
NoneType: None
2024-04-07 12:28:09,193 - root - ERROR - d0nvit in 011f602f44fba21
NoneType: None
2024-04-07 12:28:09,196 - root - ERROR - vpiska in 011f602f44fba21
NoneType: None
2024-04-07 12:28:09,199 - root - ERROR - вписка in 011f602f44fba21
NoneType: None
2024-04-07 12:28:09,202 - root - ERROR - найди интимки своей  знакомой через бота in 011f602f44fba21
NoneType: None
2024-04-07 12:28:09,205 - root - ERROR - пробей знакомую на in 011f602f44fba21
NoneType: None
2024-04-07 12:28:09,208 - root - ERROR - найди интимки знакомой ‚) через gpt сеть) in 011f602f44fba21
NoneType: None
2024-04-07 12:28:09,212 - root - ERROR - ) проверь любую девушку на интимки  пиши в поиске тг англ. буквами название ‘*\ ‹  ` в\/х4о in 011f602f44fba21
NoneType: None
2024-04-07 12:28:09,215 - root - ERROR - mera in 011f602f44fba21
NoneType: None
2024-04-07 12:28:09,218 - root - ERROR - научим in 011f602f44fba21
NoneType: None
2024-04-07 12:28:09,221 - root - ERROR - инструктора in 011f602f44fba21
NoneType: None
2024-04-07 12:28:09,224 - root - ERROR - водительского in 011f602f44fba21
NoneType: None
2024-04-07 12:28:09,227 - root - ERROR - удостоверения in 011f602f44fba21
NoneType: None
2024-04-07 12:28:09,230 - root - ERROR - peкламное in 011f602f44fba21
NoneType: None
2024-04-07 12:28:09,233 - root - ERROR - чатах in 011f602f44fba21
NoneType: None
2024-04-07 12:28:09,236 - root - ERROR - пхуkeта in 011f602f44fba21
NoneType: None
2024-04-07 12:28:09,239 - root - ERROR - аудитория in 011f602f44fba21
NoneType: None
2024-04-07 12:28:09,243 - root - ERROR - денежное in 011f602f44fba21
NoneType: None
2024-04-07 12:28:09,246 - root - ERROR - доход in 011f602f44fba21
NoneType: None
2024-04-07 12:28:09,250 - root - ERROR - уои  bo mera | bca in 011f602f44fba21
NoneType: None
2024-04-07 12:28:09,253 - root - ERROR - пробеи знакомую на in 011f602f44fba21
NoneType: None
2024-04-07 12:28:09,256 - root - ERROR - бот который найдёт компромат на любую<>  —  пиши в поискес@ in 011f602f44fba21
NoneType: None
2024-04-07 12:28:09,260 - root - ERROR - &  г a j— в @rzt400bot in 011f602f44fba21
NoneType: None
2024-04-07 12:28:09,263 - root - ERROR - бот который найдёт компромат на любую<>  —  пиши в поискес@ in 011f602f44fba21
NoneType: None
2024-04-07 12:28:09,266 - root - ERROR - &  г a j— в @rzt400bot in 011f602f44fba21
NoneType: None
2024-04-07 12:28:09,269 - root - ERROR - пробей любую девушку на ниличе интимок через бота © in 011f602f44fba21
NoneType: None
2024-04-07 12:28:09,272 - root - ERROR - 47e381d6d464520 in 011f602f44fba21
NoneType: None
2024-04-07 12:28:09,276 - root - ERROR - п р о б е й in 011f602f44fba21
NoneType: None
2024-04-07 12:28:09,279 - root - ERROR - з н а к о м у ю in 011f602f44fba21
NoneType: None
2024-04-07 12:28:09,282 - root - ERROR - и н т и м к и in 011f602f44fba21
NoneType: None
2024-04-07 12:28:09,286 - root - ERROR - п и ш и in 011f602f44fba21
NoneType: None
2024-04-07 12:28:09,290 - root - ERROR - п о и с к е in 011f602f44fba21
NoneType: None
2024-04-07 12:28:09,293 - root - ERROR - т е л е г и in 011f602f44fba21
NoneType: None
2024-04-07 12:28:09,296 - root - ERROR - wfz40 in 011f602f44fba21
NoneType: None
2024-04-07 12:28:09,299 - root - ERROR - lazada 200 b за ot3bib  заработай 200 в за 5 минут на публикации отзыва о товаре подробнее в jic: https://t.me/donvit in 011f602f44fba21
NoneType: None
2024-04-07 12:28:09,302 - root - ERROR - 200 b in 011f602f44fba21
NoneType: None
2024-04-07 12:28:09,305 - root - ERROR - ot3bib in 011f602f44fba21
NoneType: None
2024-04-07 12:28:09,308 - root - ERROR - заработай in 011f602f44fba21
NoneType: None
2024-04-07 12:28:09,312 - root - ERROR - 200 в in 011f602f44fba21
NoneType: None
2024-04-07 12:28:09,315 - root - ERROR - за 5 минут in 011f602f44fba21
NoneType: None
2024-04-07 12:28:09,319 - root - ERROR - на публикации in 011f602f44fba21
NoneType: None
2024-04-07 12:28:09,322 - root - ERROR - отзыва in 011f602f44fba21
NoneType: None
2024-04-07 12:28:09,325 - root - ERROR - товаре in 011f602f44fba21
NoneType: None
2024-04-07 12:28:09,328 - root - ERROR - подробнее in 011f602f44fba21
NoneType: None
2024-04-07 12:28:09,332 - root - ERROR - https://t.me/donvit in 011f602f44fba21
NoneType: None
2024-04-07 12:28:09,335 - root - ERROR - 011f602f44fba21 in 011f602f44fba21
NoneType: None
2024-04-07 12:33:54,779 - aiogram.dispatcher - WARNING - Received SIGTERM signal
2024-04-07 12:33:55,330 - asyncio - ERROR - Unclosed client session
client_session: <aiohttp.client.ClientSession object at 0x7f1ad1c60ca0>
2024-04-07 12:33:55,330 - asyncio - ERROR - Unclosed client session
client_session: <aiohttp.client.ClientSession object at 0x7f1ad101d420>
2024-04-07 12:33:55,330 - asyncio - ERROR - Unclosed client session
client_session: <aiohttp.client.ClientSession object at 0x7f1ad101e9b0>
2024-04-07 12:33:55,330 - asyncio - ERROR - Unclosed connector
connections: ['[(<aiohttp.client_proto.ResponseHandler object at 0x7f1ad11977c0>, 372991.156624695)]']
connector: <aiohttp.connector.TCPConnector object at 0x7f1ad133f400>
